2020-07-07 22:49:36,146 - DEBUG - Start of challenge
2020-07-07 22:49:36,146 - DEBUG - The encoded string is: b'\x1b77316?x\x15\x1b\x7f+x413=x9x(7-6<x7>x:9;76'
2020-07-07 22:49:36,147 - DEBUG - The bin value of the ciphertext is: 00011011001101110011011100110011001100010011011000111111011110000001010100011011011111110010101101111000001101000011000100110011001111010111100000111001011110000010100000110111001011010011011000111100011110000011011100111110011110000011101000111001001110110011011100110110
2020-07-07 22:49:36,147 - DEBUG - The ciphertext is: 1b37373331363f78151b7f2b783431333d78397828372d363c78373e783a393b3736
2020-07-07 22:49:36,147 - DEBUG - The bin xor value is: 00011101001110110010111100000011010100011111011110111100011111100001100100000011010011110100101110111001101101110011011100111111001001010100100001011001101110011010101100110001001000010010111000001100000110001111011010111101011111100011011000100001000010110101011111110111
2020-07-07 22:49:36,147 - DEBUG - The bin xor value is: 00010001001000110001111101100011100100000111010010111010011100100000000100110011001011111000101000111010101100010011101100100111000101010010100010011000001110101010110100111101001110010001111001101100110110010111010110111011011100100010111000010001011010111001011001110100
2020-07-07 22:49:36,147 - DEBUG - The bin xor value is: 00010101001010110000111101000011110100001111010110111000011101100000100100100011000011111100101010111011101100110011111100101111000001010000100011011000101110111010111100111001001100010000111001001100100110011111010010111001011101100010011000000001010010111101011011110101
2020-07-07 22:49:36,147 - DEBUG - The bin xor value is: 00001001000100110111111110100010000100110111001010110110011010100011000101010011111011100000100100111100101111010010001100010111011101011110100100011011001111001010000100100101000010010111111010101101010110100111001110110111011010100001111001110001101010100001010101110010
2020-07-07 22:49:36,148 - DEBUG - The bin xor value is: 00001101000110110110111110000010010100111111001110110100011011100011100101000011110011100100100110111101101111110010011100011111011001011100100101011011101111011010001100100001000000010110111010001101000110101111001010110101011011100001011001100001100010100101010111110011
2020-07-07 22:49:36,148 - DEBUG - The bin xor value is: 00000001000000110101111111100010100100100111000010110010011000100010000101110011101011101000100000111110101110010010101100000111010101011010100110011010001111101010010100101101000110010101111011101101110110110111000110110011011000100000111001010001111010101001010001110000
2020-07-07 22:49:36,148 - DEBUG - The bin xor value is: 00000101000010110100111111000010110100101111000110110000011001100010100101100011100011101100100010111111101110110010111100001111010001011000100111011010101111111010011100101001000100010100111011001101100110111111000010110001011001100000011001000001110010101101010011110001
2020-07-07 22:49:36,148 - DEBUG - The bin xor value is: 00111001011100111011111000100001000101010111111010101110010110100101000110010010011011010000111100110000101001010001001101110111101101000110101000011101001100001011100100010101011010011011111100101110010111000111111110101111010110100111111010110000001010010001001101111110
2020-07-07 22:49:36,148 - DEBUG - The bin xor value is: 00111101011110111010111000000001010101011111111110101100010111100101100110000010010011010100111110110001101001110001011101111111101001000100101001011101101100011011101100010001011000011010111100001110000111001111111010101101010111100111011010100000000010010101001111111111
2020-07-07 22:49:36,149 - DEBUG - The bin xor value is: 00110001011000111001111001100001100101000111110010101010010100100100000110110010001011011000111000110010101000010001101101100111100101000010101010011100001100101011110100011101011110011001111101101110110111010111110110101011010100100110111010010000011010011001001001111100
2020-07-07 22:49:36,149 - DEBUG - The bin xor value is: 00110101011010111000111001000001110101001111110110101000010101100100100110100010000011011100111010110011101000110001111101101111100001000000101011011100101100111011111100011001011100011000111101001110100111011111110010101001010101100110011010000000010010011101001011111101
2020-07-07 22:49:36,149 - DEBUG - The bin xor value is: 00101001010100111111111010100000000101110111101010100110010010100111000111010010111011000000110100110100101011010000001101010111111101001110101100011111001101001011000100000101010010011111111110101111010111100111101110100111010010100101111011110000101010000001000101111010
2020-07-07 22:49:36,149 - DEBUG - The bin xor value is: 00101101010110111110111010000000010101111111101110100100010011100111100111000010110011000100110110110101101011110000011101011111111001001100101101011111101101011011001100000001010000011110111110001111000111101111101010100101010011100101011011100000100010000101000111111011
2020-07-07 22:49:36,149 - DEBUG - The bin xor value is: 00100001010000111101111011100000100101100111100010100010010000100110000111110010101011001000110000110110101010010000101101000111110101001010101110011110001101101011010100001101010110011101111111101111110111110111100110100011010000100100111011010000111010001001000001111000
2020-07-07 22:49:36,150 - DEBUG - The bin xor value is: 00100101010010111100111011000000110101101111100110100000010001100110100111100010100011001100110010110111101010110000111101001111110001001000101111011110101101111011011100001001010100011100111111001111100111111111100010100001010001100100011011000000110010001101000011111001
2020-07-07 22:49:36,150 - DEBUG - The bin xor value is: 01011001101100100011110100100111000110010110011010011110001110101001000000010001011010110000001100101000100101010111001110110110001101110110110000010001001010001000100101110101101010000011110000101000010100000110011110011111001110101011111100110011001011110001111101100110
2020-07-07 22:49:36,150 - DEBUG - The bin xor value is: 01011101101110100010110100000111010110011110011110011100001111101001100000000001010010110100001110101001100101110111011110111110001001110100110001010001101010011000101101110001101000000010110000001000000100001110011010011101001111101011011100100011000011110101111111100111
2020-07-07 22:49:36,150 - DEBUG - The bin xor value is: 01010001101000100001110101100111100110000110010010011010001100101000000000110001001010111000001000101010100100010111101110100110000101110010110010010000001010101000110101111101101110000001110001101000110100010110010110011011001100101010111100010011011011111001111001100100
2020-07-07 22:49:36,150 - DEBUG - The bin xor value is: 01010101101010100000110101000111110110001110010110011000001101101000100000100001000010111100001010101011100100110111111110101110000001110000110011010000101010111000111101111001101100000000110001001000100100011110010010011001001101101010011100000011010011111101111011100101
2020-07-07 22:49:36,151 - DEBUG - The bin xor value is: 01001001100100100111110110100110000110110110001010010110001010101011000001010001111010100000000100101100100111010110001110010110011101111110110100010011001011001000000101100101100010000111110010101001010100100110001110010111001010101001111101110011101011100001110101100010
2020-07-07 22:49:36,151 - DEBUG - The bin xor value is: 01001101100110100110110110000110010110111110001110010100001011101011100001000001110010100100000110101101100111110110011110011110011001111100110101010011101011011000001101100001100000000110110010001001000100101110001010010101001011101001011101100011100011100101110111100011
2020-07-07 22:49:36,151 - DEBUG - The bin xor value is: 01000001100000100101110111100110100110100110000010010010001000101010000001110001101010101000000000101110100110010110101110000110010101111010110110010010001011101000010101101101100110000101110011101001110100110110000110010011001000101000111101010011111011101001110001100000
2020-07-07 22:49:36,151 - DEBUG - The bin xor value is: 01000101100010100100110111000110110110101110000110010000001001101010100001100001100010101100000010101111100110110110111110001110010001111000110111010010101011111000011101101001100100000100110011001001100100111110000010010001001001101000011101000011110011101101110011100001
2020-07-07 22:49:36,151 - DEBUG - The bin xor value is: 01111001111100101011110000100101000111010110111010001110000110101101000010010000011010010000011100100000100001010101001111110110101101100110111000010101001000001001100101010101111010001011110100101010010101000110111110001111000110101111111110110010001011010001101101101110
2020-07-07 22:49:36,152 - DEBUG - The bin xor value is: 01111101111110101010110000000101010111011110111110001100000111101101100010000000010010010100011110100001100001110101011111111110101001100100111001010101101000011001101101010001111000001010110100001010000101001110111010001101000111101111011110100010000011010101101111101111
2020-07-07 22:49:36,152 - DEBUG - The bin xor value is: 01110001111000101001110001100101100111000110110010001010000100101100000010110000001010011000011000100010100000010101101111100110100101100010111010010100001000101001110101011101111110001001110101101010110101010110110110001011000100101110111110010010011011011001101001101100
2020-07-07 22:49:36,152 - DEBUG - The bin xor value is: 10011100001110010010101100001011010000011101011111111100111111110001101100000111010001110101101110011001111101111011011000111101001000010100000001001001100110011110101110110000001000110010101000000100000010001101011011111101111111110011010000100101000000110100011111010111
2020-07-07 22:49:36,163 - DEBUG - The bin xor value is: 10010000001000010001101101101011100000000101010011111010111100110000001100110111001001111001101000011010111100011011101000100101000100010010000010001000000110101110110110111100001110110001101001100100110010010101010111111011111100110010110000010101011000111000011001010100
2020-07-07 22:49:36,163 - DEBUG - The bin xor value is: 10010100001010010000101101001011110000001101010111111000111101110000101100100111000001111101101010011011111100111011111000101101000000010000000011001000100110111110111110111000001100110000101001000100100010011101010011111001111101110010010000000101010000111100011011010101
2020-07-07 22:49:36,163 - DEBUG - The bin xor value is: 10001000000100010111101110101010000000110101001011110110111010110011001101010111111001100001100100011100111111011010001000010101011100011110000100001011000111001110000110100100000010110111101010100101010010100101001111110111111010110001110001110101101000100000010101010010
2020-07-07 22:49:36,164 - DEBUG - The bin xor value is: 10001100000110010110101110001010010000111101001111110100111011110011101101000111110001100101100110011101111111111010011000011101011000011100000101001011100111011110001110100000000000110110101010000101000010101101001011110101111011110001010001100101100000100100010111010011
2020-07-07 22:49:36,164 - DEBUG - The bin xor value is: 10000000000000010101101111101010100000100101000011110010111000110010001101110111101001101001100000011110111110011010101000000101010100011010000110001010000111101110010110101100000110110101101011100101110010110101000111110011111000110000110001010101111000101000010001010000
2020-07-07 22:49:36,164 - DEBUG - The bin xor value is: 10000100000010010100101111001010110000101101000111110000111001110010101101100111100001101101100010011111111110111010111000001101010000011000000111001010100111111110011110101000000100110100101011000101100010111101000011110001111001110000010001000101110000101100010011010001
2020-07-07 22:49:36,164 - DEBUG - The bin xor value is: 10111000011100011011101000101001000001010101111011101110110110110101001110010110011001010001111100010000111001011001001001110101101100000110001000001101000100001111100110010100011010111011101100100110010011000101111111101111110110110111110010110100001000010000001101011110
2020-07-07 22:49:36,164 - DEBUG - The bin xor value is: 10111100011110011010101000001001010001011101111111101100110111110101101110000110010001010101111110010001111001111001011001111101101000000100001001001101100100011111101110010000011000111010101100000110000011001101111011101101110111110111010010100100000000010100001111011111
2020-07-07 22:49:36,165 - DEBUG - The bin xor value is: 10110000011000011001101001101001100001000101110011101010110100110100001110110110001001011001111000010010111000011001101001100101100100000010001010001100000100101111110110011100011110111001101101100110110011010101110111101011110100110110110010010100011000011000001001011100
2020-07-07 22:49:36,165 - DEBUG - The bin xor value is: 10110100011010011000101001001001110001001101110111101000110101110100101110100110000001011101111010010011111000111001111001101101100000000000001011001100100100111111111110011000011100111000101101000110100011011101110011101001110101110110010010000100010000011100001011011101
2020-07-07 22:49:36,165 - DEBUG - The bin xor value is: 10101000010100011111101010101000000001110101101011100110110010110111001111010110111001000001110100010100111011011000001001010101111100001110001100001111000101001111000110000100010010111111101110100111010011100101101111100111110010110101110011110100101000000000000101011010
2020-07-07 22:49:36,165 - DEBUG - The bin xor value is: 10101100010110011110101010001000010001111101101111100100110011110111101111000110110001000101110110010101111011111000011001011101111000001100001101001111100101011111001110000000010000111110101110000111000011101101101011100101110011110101010011100100100000000100000111011011
2020-07-07 22:49:36,165 - DEBUG - The bin xor value is: 10100000010000011101101011101000100001100101100011100010110000110110001111110110101001001001110000010110111010011000101001000101110100001010001110001110000101101111010110001100010110111101101111100111110011110101100111100011110000110100110011010100111000001000000001011000
2020-07-07 22:49:36,166 - DEBUG - The bin xor value is: 10100100010010011100101011001000110001101101100111100000110001110110101111100110100001001101110010010111111010111000111001001101110000001000001111001110100101111111011110001000010100111100101111000111100011111101100011100001110001110100010011000100110000001100000011011001
2020-07-07 22:49:36,166 - DEBUG - The bin xor value is: 11011000101100000011100100101111000010010100011011011110101110111001001000010101011000110001001100001000110101011111001010110100001100110110010000000001000010001100100111110100101010100011100000100000010000000100011111011111101110111011110100110111001001110000111101000110
2020-07-07 22:49:36,166 - DEBUG - The bin xor value is: 11011100101110000010100100001111010010011100011111011100101111111001101000000101010000110101001110001001110101111111011010111100001000110100010001000001100010011100101111110000101000100010100000000000000000001100011011011101101111111011010100100111000001110100111111000111
2020-07-07 22:49:36,166 - DEBUG - The bin xor value is: 11010000101000000001100101101111100010000100010011011010101100111000001000110101001000111001001000001010110100011111101010100100000100110010010010000000000010101100110111111100101110100001100001100000110000010100010111011011101100111010110100010111011001111000111001000100
2020-07-07 22:49:36,166 - DEBUG - The bin xor value is: 11010100101010000000100101001111110010001100010111011000101101111000101000100101000000111101001010001011110100111111111010101100000000110000010011000000100010111100111111111000101100100000100001000000100000011100010011011001101101111010010100000111010001111100111011000101
2020-07-07 22:49:36,167 - DEBUG - The bin xor value is: 11001000100100000111100110101110000010110100001011010110101010111011001001010101111000100001000100001100110111011110001010010100011100111110010100000011000011001100000111100100100010100111100010100001010000100100001111010111101010111001110101110111101001100000110101000010
2020-07-07 22:49:36,167 - DEBUG - The bin xor value is: 11001100100110000110100110001110010010111100001111010100101011111011101001000101110000100101000110001101110111111110011010011100011000111100010101000011100011011100001111100000100000100110100010000001000000101100001011010101101011111001010101100111100001100100110111000011
2020-07-07 22:49:36,167 - DEBUG - The bin xor value is: 11000000100000000101100111101110100010100100000011010010101000111010001001110101101000101001000000001110110110011110101010000100010100111010010110000010000011101100010111101100100110100101100011100001110000110100000111010011101000111000110101010111111001101000110001000000
2020-07-07 22:49:36,167 - DEBUG - The bin xor value is: 11000100100010000100100111001110110010101100000111010000101001111010101001100101100000101101000010001111110110111110111010001100010000111000010111000010100011111100011111101000100100100100100011000001100000111100000011010001101001111000010101000111110001101100110011000001
2020-07-07 22:49:36,167 - DEBUG - The bin xor value is: 11111000111100001011100000101101000011010100111011001110100110111101001010010100011000010001011100000000110001011101001011110100101100100110011000000101000000001101100111010100111010101011100100100010010001000100111111001111100110111111110110110110001001010000101101001110
2020-07-07 22:49:36,168 - DEBUG - The bin xor value is: 11111100111110001010100000001101010011011100111111001100100111111101101010000100010000010101011110000001110001111101011011111100101000100100011001000101100000011101101111010000111000101010100100000010000001001100111011001101100111111111010110100110000001010100101111001111
2020-07-07 22:49:36,168 - DEBUG - The bin xor value is: 11110000111000001001100001101101100011000100110011001010100100111100001010110100001000011001011000000010110000011101101011100100100100100010011010000100000000101101110111011100111110101001100101100010110001010100110111001011100100111110110110010110011001011000101001001100
2020-07-07 22:49:36,168 - DEBUG - 1011
2020-07-07 22:51:47,212 - DEBUG - Start of challenge
2020-07-07 22:51:47,220 - DEBUG - The encoded string is: b'\x1b77316?x\x15\x1b\x7f+x413=x9x(7-6<x7>x:9;76'
2020-07-07 22:51:47,220 - DEBUG - The bin value of the ciphertext is: 00011011001101110011011100110011001100010011011000111111011110000001010100011011011111110010101101111000001101000011000100110011001111010111100000111001011110000010100000110111001011010011011000111100011110000011011100111110011110000011101000111001001110110011011100110110
2020-07-07 22:51:47,220 - DEBUG - The ciphertext is: 1b37373331363f78151b7f2b783431333d78397828372d363c78373e783a393b3736
2020-07-07 22:51:47,220 - DEBUG - The bin xor value is: 00011101001110110010111100000011010100011111011110111100011111100001100100000011010011110100101110111001101101110011011100111111001001010100100001011001101110011010101100110001001000010010111000001100000110001111011010111101011111100011011000100001000010110101011111110111
2020-07-07 22:52:07,891 - DEBUG - Start of challenge
2020-07-07 22:52:07,891 - DEBUG - The encoded string is: b'\x1b77316?x\x15\x1b\x7f+x413=x9x(7-6<x7>x:9;76'
2020-07-07 22:52:07,891 - DEBUG - The bin value of the ciphertext is: 00011011001101110011011100110011001100010011011000111111011110000001010100011011011111110010101101111000001101000011000100110011001111010111100000111001011110000010100000110111001011010011011000111100011110000011011100111110011110000011101000111001001110110011011100110110
2020-07-07 22:52:07,891 - DEBUG - The ciphertext is: 1b37373331363f78151b7f2b783431333d78397828372d363c78373e783a393b3736
2020-07-07 22:52:07,891 - DEBUG - The bin xor value is: 00011101001110110010111100000011010100011111011110111100011111100001100100000011010011110100101110111001101101110011011100111111001001010100100001011001101110011010101100110001001000010010111000001100000110001111011010111101011111100011011000100001000010110101011111110111
2020-07-07 23:12:08,147 - DEBUG - Start of challenge
2020-07-07 23:12:08,157 - DEBUG - The encoded string is: b'\x1b77316?x\x15\x1b\x7f+x413=x9x(7-6<x7>x:9;76'
2020-07-07 23:12:08,157 - DEBUG - The bin value of the ciphertext is: 00011011001101110011011100110011001100010011011000111111011110000001010100011011011111110010101101111000001101000011000100110011001111010111100000111001011110000010100000110111001011010011011000111100011110000011011100111110011110000011101000111001001110110011011100110110
2020-07-07 23:12:08,157 - DEBUG - The ciphertext is: 1b37373331363f78151b7f2b783431333d78397828372d363c78373e783a393b3736
2020-07-07 23:12:28,419 - DEBUG - Start of challenge
2020-07-07 23:12:28,419 - DEBUG - The encoded string is: b'\x1b77316?x\x15\x1b\x7f+x413=x9x(7-6<x7>x:9;76'
2020-07-07 23:12:28,419 - DEBUG - The bin value of the ciphertext is: 00011011001101110011011100110011001100010011011000111111011110000001010100011011011111110010101101111000001101000011000100110011001111010111100000111001011110000010100000110111001011010011011000111100011110000011011100111110011110000011101000111001001110110011011100110110
2020-07-07 23:12:28,419 - DEBUG - The ciphertext is: 1b37373331363f78151b7f2b783431333d78397828372d363c78373e783a393b3736
2020-07-07 23:12:40,276 - DEBUG - Start of challenge
2020-07-07 23:12:40,276 - DEBUG - The encoded string is: b'\x1b77316?x\x15\x1b\x7f+x413=x9x(7-6<x7>x:9;76'
2020-07-07 23:12:40,276 - DEBUG - The bin value of the ciphertext is: 00011011001101110011011100110011001100010011011000111111011110000001010100011011011111110010101101111000001101000011000100110011001111010111100000111001011110000010100000110111001011010011011000111100011110000011011100111110011110000011101000111001001110110011011100110110
2020-07-07 23:12:40,276 - DEBUG - The ciphertext is: 1b37373331363f78151b7f2b783431333d78397828372d363c78373e783a393b3736
2020-07-07 23:12:40,292 - DEBUG - 1011
2020-07-07 23:13:00,455 - DEBUG - Start of challenge
2020-07-07 23:13:00,469 - DEBUG - The encoded string is: b'\x1b77316?x\x15\x1b\x7f+x413=x9x(7-6<x7>x:9;76'
2020-07-07 23:13:00,469 - DEBUG - The bin value of the ciphertext is: 00011011001101110011011100110011001100010011011000111111011110000001010100011011011111110010101101111000001101000011000100110011001111010111100000111001011110000010100000110111001011010011011000111100011110000011011100111110011110000011101000111001001110110011011100110110
2020-07-07 23:13:00,469 - DEBUG - The ciphertext is: 1b37373331363f78151b7f2b783431333d78397828372d363c78373e783a393b3736
2020-07-07 23:13:00,478 - DEBUG - 1011
2020-07-07 23:13:10,281 - DEBUG - Start of challenge
2020-07-07 23:13:10,281 - DEBUG - The encoded string is: b'\x1b77316?x\x15\x1b\x7f+x413=x9x(7-6<x7>x:9;76'
2020-07-07 23:13:10,282 - DEBUG - The bin value of the ciphertext is: 00011011001101110011011100110011001100010011011000111111011110000001010100011011011111110010101101111000001101000011000100110011001111010111100000111001011110000010100000110111001011010011011000111100011110000011011100111110011110000011101000111001001110110011011100110110
2020-07-07 23:13:10,282 - DEBUG - The ciphertext is: 1b37373331363f78151b7f2b783431333d78397828372d363c78373e783a393b3736
2020-07-07 23:13:10,301 - DEBUG - 1011
2020-07-07 23:13:39,950 - DEBUG - Start of challenge
2020-07-07 23:13:39,951 - DEBUG - The encoded string is: b'\x1b77316?x\x15\x1b\x7f+x413=x9x(7-6<x7>x:9;76'
2020-07-07 23:13:39,951 - DEBUG - The bin value of the ciphertext is: 00011011001101110011011100110011001100010011011000111111011110000001010100011011011111110010101101111000001101000011000100110011001111010111100000111001011110000010100000110111001011010011011000111100011110000011011100111110011110000011101000111001001110110011011100110110
2020-07-07 23:13:39,951 - DEBUG - The ciphertext is: 1b37373331363f78151b7f2b783431333d78397828372d363c78373e783a393b3736
2020-07-07 23:13:39,974 - DEBUG - 1011
2020-07-07 23:14:00,434 - DEBUG - Start of challenge
2020-07-07 23:14:00,435 - DEBUG - The encoded string is: b'\x1b77316?x\x15\x1b\x7f+x413=x9x(7-6<x7>x:9;76'
2020-07-07 23:14:00,435 - DEBUG - The bin value of the ciphertext is: 00011011001101110011011100110011001100010011011000111111011110000001010100011011011111110010101101111000001101000011000100110011001111010111100000111001011110000010100000110111001011010011011000111100011110000011011100111110011110000011101000111001001110110011011100110110
2020-07-07 23:14:00,435 - DEBUG - The ciphertext is: 1b37373331363f78151b7f2b783431333d78397828372d363c78373e783a393b3736
2020-07-07 23:14:00,456 - DEBUG - 1011
2020-07-07 23:14:16,305 - DEBUG - Start of challenge
2020-07-07 23:14:16,306 - DEBUG - The encoded string is: b'\x1b77316?x\x15\x1b\x7f+x413=x9x(7-6<x7>x:9;76'
2020-07-07 23:14:16,306 - DEBUG - The bin value of the ciphertext is: 00011011001101110011011100110011001100010011011000111111011110000001010100011011011111110010101101111000001101000011000100110011001111010111100000111001011110000010100000110111001011010011011000111100011110000011011100111110011110000011101000111001001110110011011100110110
2020-07-07 23:14:16,306 - DEBUG - The ciphertext is: 1b37373331363f78151b7f2b783431333d78397828372d363c78373e783a393b3736
2020-07-07 23:14:16,331 - DEBUG - 1011
2020-07-07 23:14:24,489 - DEBUG - Start of challenge
2020-07-07 23:14:24,493 - DEBUG - The encoded string is: b'\x1b77316?x\x15\x1b\x7f+x413=x9x(7-6<x7>x:9;76'
2020-07-07 23:14:24,493 - DEBUG - The bin value of the ciphertext is: 00011011001101110011011100110011001100010011011000111111011110000001010100011011011111110010101101111000001101000011000100110011001111010111100000111001011110000010100000110111001011010011011000111100011110000011011100111110011110000011101000111001001110110011011100110110
2020-07-07 23:14:24,493 - DEBUG - The ciphertext is: 1b37373331363f78151b7f2b783431333d78397828372d363c78373e783a393b3736
2020-07-07 23:14:24,516 - DEBUG - 1011
2020-07-07 23:26:52,687 - DEBUG - Start of challenge
2020-07-07 23:26:52,697 - DEBUG - The encoded string is: b'\x1b77316?x\x15\x1b\x7f+x413=x9x(7-6<x7>x:9;76'
2020-07-07 23:26:52,697 - DEBUG - The bin value of the ciphertext is: 00011011001101110011011100110011001100010011011000111111011110000001010100011011011111110010101101111000001101000011000100110011001111010111100000111001011110000010100000110111001011010011011000111100011110000011011100111110011110000011101000111001001110110011011100110110
2020-07-07 23:26:52,698 - DEBUG - The ciphertext is: 1b37373331363f78151b7f2b783431333d78397828372d363c78373e783a393b3736
2020-07-07 23:27:47,993 - DEBUG - Start of challenge
2020-07-07 23:27:48,006 - DEBUG - The encoded string is: b'\x1b77316?x\x15\x1b\x7f+x413=x9x(7-6<x7>x:9;76'
2020-07-07 23:27:48,006 - DEBUG - The bin value of the ciphertext is: 00011011001101110011011100110011001100010011011000111111011110000001010100011011011111110010101101111000001101000011000100110011001111010111100000111001011110000010100000110111001011010011011000111100011110000011011100111110011110000011101000111001001110110011011100110110
2020-07-07 23:27:48,006 - DEBUG - The ciphertext is: 1b37373331363f78151b7f2b783431333d78397828372d363c78373e783a393b3736
2020-07-07 23:29:41,157 - DEBUG - Start of challenge
2020-07-07 23:29:41,157 - DEBUG - The encoded string is: b'\x1b77316?x\x15\x1b\x7f+x413=x9x(7-6<x7>x:9;76'
2020-07-07 23:29:41,157 - DEBUG - The bin value of the ciphertext is: 00011011001101110011011100110011001100010011011000111111011110000001010100011011011111110010101101111000001101000011000100110011001111010111100000111001011110000010100000110111001011010011011000111100011110000011011100111110011110000011101000111001001110110011011100110110
2020-07-07 23:29:41,157 - DEBUG - The ciphertext is: 1b37373331363f78151b7f2b783431333d78397828372d363c78373e783a393b3736
2020-07-07 23:30:22,457 - DEBUG - Start of challenge
2020-07-07 23:30:22,457 - DEBUG - The encoded string is: b'\x1b77316?x\x15\x1b\x7f+x413=x9x(7-6<x7>x:9;76'
2020-07-07 23:30:22,458 - DEBUG - The bin value of the ciphertext is: 00011011001101110011011100110011001100010011011000111111011110000001010100011011011111110010101101111000001101000011000100110011001111010111100000111001011110000010100000110111001011010011011000111100011110000011011100111110011110000011101000111001001110110011011100110110
2020-07-07 23:30:22,458 - DEBUG - The ciphertext is: 1b37373331363f78151b7f2b783431333d78397828372d363c78373e783a393b3736
2020-07-07 23:33:20,990 - DEBUG - Start of challenge
2020-07-07 23:33:20,991 - DEBUG - The encoded string is: b'\x1b77316?x\x15\x1b\x7f+x413=x9x(7-6<x7>x:9;76'
2020-07-07 23:33:20,991 - DEBUG - The bin value of the ciphertext is: 00011011001101110011011100110011001100010011011000111111011110000001010100011011011111110010101101111000001101000011000100110011001111010111100000111001011110000010100000110111001011010011011000111100011110000011011100111110011110000011101000111001001110110011011100110110
2020-07-07 23:33:20,991 - DEBUG - The ciphertext is: 1b37373331363f78151b7f2b783431333d78397828372d363c78373e783a393b3736
2020-07-07 23:34:53,688 - DEBUG - Start of challenge
2020-07-07 23:34:53,688 - DEBUG - The encoded string is: b'\x1b77316?x\x15\x1b\x7f+x413=x9x(7-6<x7>x:9;76'
2020-07-07 23:34:53,688 - DEBUG - The bin value of the ciphertext is: 00011011001101110011011100110011001100010011011000111111011110000001010100011011011111110010101101111000001101000011000100110011001111010111100000111001011110000010100000110111001011010011011000111100011110000011011100111110011110000011101000111001001110110011011100110110
2020-07-07 23:34:53,688 - DEBUG - The ciphertext is: 1b37373331363f78151b7f2b783431333d78397828372d363c78373e783a393b3736
2020-07-07 23:36:37,730 - DEBUG - Start of challenge
2020-07-07 23:36:37,732 - DEBUG - The encoded string is: b'\x1b77316?x\x15\x1b\x7f+x413=x9x(7-6<x7>x:9;76'
2020-07-07 23:36:37,732 - DEBUG - The bin value of the ciphertext is: 00011011001101110011011100110011001100010011011000111111011110000001010100011011011111110010101101111000001101000011000100110011001111010111100000111001011110000010100000110111001011010011011000111100011110000011011100111110011110000011101000111001001110110011011100110110
2020-07-07 23:36:37,732 - DEBUG - The ciphertext is: 1b37373331363f78151b7f2b783431333d78397828372d363c78373e783a393b3736
2020-07-07 23:37:51,121 - DEBUG - Start of challenge
2020-07-07 23:37:51,122 - DEBUG - The encoded string is: b'\x1b77316?x\x15\x1b\x7f+x413=x9x(7-6<x7>x:9;76'
2020-07-07 23:37:51,122 - DEBUG - The bin value of the ciphertext is: 00011011001101110011011100110011001100010011011000111111011110000001010100011011011111110010101101111000001101000011000100110011001111010111100000111001011110000010100000110111001011010011011000111100011110000011011100111110011110000011101000111001001110110011011100110110
2020-07-07 23:37:51,122 - DEBUG - The ciphertext is: 1b37373331363f78151b7f2b783431333d78397828372d363c78373e783a393b3736
2020-07-07 23:38:43,215 - DEBUG - Start of challenge
2020-07-07 23:38:43,215 - DEBUG - The encoded string is: b'\x1b77316?x\x15\x1b\x7f+x413=x9x(7-6<x7>x:9;76'
2020-07-07 23:38:43,216 - DEBUG - The bin value of the ciphertext is: 00011011001101110011011100110011001100010011011000111111011110000001010100011011011111110010101101111000001101000011000100110011001111010111100000111001011110000010100000110111001011010011011000111100011110000011011100111110011110000011101000111001001110110011011100110110
2020-07-07 23:38:43,216 - DEBUG - The ciphertext is: 1b37373331363f78151b7f2b783431333d78397828372d363c78373e783a393b3736
2020-07-08 02:09:07,279 - DEBUG - Start of challenge
2020-07-08 02:09:07,288 - DEBUG - The encoded string is: b'\x1b77316?x\x15\x1b\x7f+x413=x9x(7-6<x7>x:9;76'
2020-07-08 02:09:07,288 - DEBUG - The bin value of the ciphertext is: 00011011001101110011011100110011001100010011011000111111011110000001010100011011011111110010101101111000001101000011000100110011001111010111100000111001011110000010100000110111001011010011011000111100011110000011011100111110011110000011101000111001001110110011011100110110
2020-07-08 02:09:07,288 - DEBUG - The ciphertext is: 1b37373331363f78151b7f2b783431333d78397828372d363c78373e783a393b3736
