2020-07-07 17:33:22,727 - DEBUG - Start of challenge
2020-07-07 17:33:22,727 - DEBUG - Input string is 1c0111001f010100061a024b53535009181c
2020-07-07 17:33:22,727 - DEBUG - Converting string to binary
2020-07-07 17:33:22,727 - DEBUG - String1 in binary is: 000111000000000100010001000000000001111100000001000000010000000000000110000110100000001001001011010100110101001101010000000010010001100000011100
2020-07-07 17:33:22,727 - DEBUG - String2 in binary is: 011010000110100101110100001000000111010001101000011001010010000001100010011101010110110001101100001001110111001100100000011001010111100101100101
2020-07-07 17:33:22,728 - DEBUG - XORing the strings
2020-07-07 17:33:22,728 - DEBUG - The result XOR is 746865206b696420646f6e277420706c6179:
2020-07-07 17:33:22,728 - DEBUG - Result string is 746865206b696420646f6e277420706c6179
2020-07-07 17:33:22,728 - DEBUG - S string is 746865206b696420646f6e277420706c6179
2020-07-07 17:33:22,734 - DEBUG - End of challenge
2020-07-08 02:09:17,997 - DEBUG - Start of challenge
2020-07-08 02:12:40,561 - DEBUG - Start of challenge
2020-07-08 02:12:40,561 - DEBUG - String 1 is: 1c0111001f010100061a024b53535009181c
2020-07-08 02:12:40,561 - DEBUG - String 2 is: 686974207468652062756c6c277320657965
2020-07-08 02:12:40,561 - DEBUG - XORing the strings
2020-07-08 02:15:12,894 - DEBUG - Start of challenge
2020-07-08 02:15:12,895 - DEBUG - String 1 is: 1c0111001f010100061a024b53535009181c
2020-07-08 02:15:12,895 - DEBUG - String 2 is: 686974207468652062756c6c277320657965
2020-07-08 02:15:12,895 - DEBUG - XORing the strings
2020-07-08 02:16:01,507 - DEBUG - Start of challenge
2020-07-08 02:16:01,508 - DEBUG - String 1 is: 1c0111001f010100061a024b53535009181c
2020-07-08 02:16:01,508 - DEBUG - String 2 is: 686974207468652062756c6c277320657965
2020-07-08 02:16:01,508 - DEBUG - XORing the strings
2020-07-08 02:17:58,364 - DEBUG - Start of challenge
2020-07-08 02:17:58,364 - DEBUG - String 1 is: 1c0111001f010100061a024b53535009181c
2020-07-08 02:17:58,364 - DEBUG - String 2 is: 686974207468652062756c6c277320657965
2020-07-08 02:17:58,364 - DEBUG - XORing the strings
2020-07-08 02:18:07,264 - DEBUG - Start of challenge
2020-07-08 02:18:07,264 - DEBUG - String 1 is: 1c0111001f010100061a024b53535009181c
2020-07-08 02:18:07,265 - DEBUG - String 2 is: 686974207468652062756c6c277320657965
2020-07-08 02:18:07,265 - DEBUG - XORing the strings
2020-07-08 02:18:59,688 - DEBUG - Start of challenge
2020-07-08 02:18:59,689 - DEBUG - String 1 is: 1c0111001f010100061a024b53535009181c
2020-07-08 02:18:59,689 - DEBUG - String 2 is: 686974207468652062756c6c277320657965
2020-07-08 02:18:59,689 - DEBUG - XORing the strings
2020-07-08 02:21:17,662 - DEBUG - Start of challenge
2020-07-08 02:21:17,662 - DEBUG - String 1 is: 1c0111001f010100061a024b53535009181c
2020-07-08 02:21:17,662 - DEBUG - String 2 is: 686974207468652062756c6c277320657965
2020-07-08 02:21:17,662 - DEBUG - XORing the strings
2020-07-08 02:21:17,663 - DEBUG - Xord value: 746865206b696420646f6e277420706c6179
2020-07-08 02:24:59,493 - DEBUG - Start of challenge
2020-07-08 02:24:59,494 - DEBUG - String 1 is: 1c0111001f010100061a024b53535009181c
2020-07-08 02:24:59,494 - DEBUG - String 2 is: 686974207468652062756c6c277320657965
2020-07-08 02:24:59,494 - DEBUG - XORing the strings
2020-07-08 02:24:59,494 - DEBUG - Xord value: 746865206b696420646f6e277420706c6179
